<?xml version="1.0" encoding="UTF-8"?>
<!-- Generated by org.testng.reporters.JUnitXMLReporter -->
<testsuite ignored="4" hostname="DESKTOP-P6E80FK" failures="0" tests="12" name="Default test" time="5.938" errors="0" timestamp="2025-09-18T13:59:10 EEST">
  <testcase classname="tests.PutPatchDeleteExamples" name="testDelete" time="1.235"/>
  <testcase classname="tests.PutPatchDeleteExamples" name="testPatch" time="0.43"/>
  <testcase classname="tests.PutPatchDeleteExamples" name="testPut" time="0.276"/>
  <testcase classname="tests.JSONSchemaValidator" name="testGet" time="1.023"/>
  <testcase classname="tests.XMLSchemaValidation" name="schemaValidation" time="1.36"/>
  <testcase classname="tests.GetAndPostExamples" name="testGet" time="0.388"/>
  <testcase classname="tests.GetAndPostExamples" name="testPost" time="0.247"/>
  <testcase classname="tests.SoapXMLRequest" name="validateSoapXML" time="0.45"/>
  <testcase classname="tests.TestsOnLocalAPI" name="delete" time="0.014"/>
  <testcase classname="tests.TestsOnLocalAPI" name="get" time="0.017"/>
  <testcase classname="tests.TestsExamples" name="test_1" time="0.206"/>
  <testcase classname="tests.TestsExamples" name="test_2" time="0.212"/>
  <testcase classname="tests.BaseTest" name="@BeforeSuite setup" time="0.0">
    <ignored/>
  </testcase> <!-- @BeforeSuite setup -->
  <testcase classname="tests.BaseTest" name="@BeforeSuite setup" time="0.0">
    <ignored/>
  </testcase> <!-- @BeforeSuite setup -->
  <testcase classname="tests.BaseTest" name="@BeforeSuite setup" time="0.0">
    <ignored/>
  </testcase> <!-- @BeforeSuite setup -->
  <testcase classname="tests.BaseTest" name="@BeforeSuite setup" time="0.0">
    <ignored/>
  </testcase> <!-- @BeforeSuite setup -->
</testsuite> <!-- Default test -->
